<?xml version="1.0" encoding="UTF-8"?>
<testsuite xmlns:xsi="http://www.w3.org/2001/XMLSchema-instance" xsi:noNamespaceSchemaLocation="https://maven.apache.org/surefire/maven-surefire-plugin/xsd/surefire-test-report-3.0.xsd" version="3.0" name="qaclickacademy.AppiumTest" time="0.323" tests="2" errors="0" skipped="0" failures="0">
  <properties>
    <property name="java.specification.version" value="15"/>
    <property name="sun.cpu.isalist" value="amd64"/>
    <property name="sun.jnu.encoding" value="Cp1252"/>
    <property name="java.class.path" value="P:\maven_project\mavenjava\target\test-classes;P:\maven_project\mavenjava\target\classes;C:\Users\SRINIVAS R\.m2\repository\org\seleniumhq\selenium\selenium-java\3.9.1\selenium-java-3.9.1.jar;C:\Users\SRINIVAS R\.m2\repository\org\seleniumhq\selenium\selenium-api\3.9.1\selenium-api-3.9.1.jar;C:\Users\SRINIVAS R\.m2\repository\org\seleniumhq\selenium\selenium-chrome-driver\3.9.1\selenium-chrome-driver-3.9.1.jar;C:\Users\SRINIVAS R\.m2\repository\org\seleniumhq\selenium\selenium-edge-driver\3.9.1\selenium-edge-driver-3.9.1.jar;C:\Users\SRINIVAS R\.m2\repository\org\seleniumhq\selenium\selenium-firefox-driver\3.9.1\selenium-firefox-driver-3.9.1.jar;C:\Users\SRINIVAS R\.m2\repository\org\seleniumhq\selenium\selenium-ie-driver\3.9.1\selenium-ie-driver-3.9.1.jar;C:\Users\SRINIVAS R\.m2\repository\org\seleniumhq\selenium\selenium-opera-driver\3.9.1\selenium-opera-driver-3.9.1.jar;C:\Users\SRINIVAS R\.m2\repository\org\seleniumhq\selenium\selenium-remote-driver\3.9.1\selenium-remote-driver-3.9.1.jar;C:\Users\SRINIVAS R\.m2\repository\org\seleniumhq\selenium\selenium-safari-driver\3.9.1\selenium-safari-driver-3.9.1.jar;C:\Users\SRINIVAS R\.m2\repository\org\seleniumhq\selenium\selenium-support\3.9.1\selenium-support-3.9.1.jar;C:\Users\SRINIVAS R\.m2\repository\net\bytebuddy\byte-buddy\1.7.9\byte-buddy-1.7.9.jar;C:\Users\SRINIVAS R\.m2\repository\org\apache\commons\commons-exec\1.3\commons-exec-1.3.jar;C:\Users\SRINIVAS R\.m2\repository\commons-codec\commons-codec\1.10\commons-codec-1.10.jar;C:\Users\SRINIVAS R\.m2\repository\commons-logging\commons-logging\1.2\commons-logging-1.2.jar;C:\Users\SRINIVAS R\.m2\repository\com\google\code\gson\gson\2.8.2\gson-2.8.2.jar;C:\Users\SRINIVAS R\.m2\repository\com\google\guava\guava\23.6-jre\guava-23.6-jre.jar;C:\Users\SRINIVAS R\.m2\repository\com\google\code\findbugs\jsr305\1.3.9\jsr305-1.3.9.jar;C:\Users\SRINIVAS R\.m2\repository\org\checkerframework\checker-compat-qual\2.0.0\checker-compat-qual-2.0.0.jar;C:\Users\SRINIVAS R\.m2\repository\com\google\errorprone\error_prone_annotations\2.1.3\error_prone_annotations-2.1.3.jar;C:\Users\SRINIVAS R\.m2\repository\com\google\j2objc\j2objc-annotations\1.1\j2objc-annotations-1.1.jar;C:\Users\SRINIVAS R\.m2\repository\org\codehaus\mojo\animal-sniffer-annotations\1.14\animal-sniffer-annotations-1.14.jar;C:\Users\SRINIVAS R\.m2\repository\org\apache\httpcomponents\httpclient\4.5.3\httpclient-4.5.3.jar;C:\Users\SRINIVAS R\.m2\repository\org\apache\httpcomponents\httpcore\4.4.6\httpcore-4.4.6.jar;C:\Users\SRINIVAS R\.m2\repository\com\squareup\okhttp3\okhttp\3.9.1\okhttp-3.9.1.jar;C:\Users\SRINIVAS R\.m2\repository\com\squareup\okio\okio\1.13.0\okio-1.13.0.jar;C:\Users\SRINIVAS R\.m2\repository\io\rest-assured\rest-assured\4.3.2\rest-assured-4.3.2.jar;C:\Users\SRINIVAS R\.m2\repository\org\codehaus\groovy\groovy\3.0.6\groovy-3.0.6.jar;C:\Users\SRINIVAS R\.m2\repository\org\codehaus\groovy\groovy-xml\3.0.6\groovy-xml-3.0.6.jar;C:\Users\SRINIVAS R\.m2\repository\org\apache\httpcomponents\httpmime\4.5.3\httpmime-4.5.3.jar;C:\Users\SRINIVAS R\.m2\repository\org\hamcrest\hamcrest\2.1\hamcrest-2.1.jar;C:\Users\SRINIVAS R\.m2\repository\org\ccil\cowan\tagsoup\tagsoup\1.2.1\tagsoup-1.2.1.jar;C:\Users\SRINIVAS R\.m2\repository\io\rest-assured\json-path\4.3.2\json-path-4.3.2.jar;C:\Users\SRINIVAS R\.m2\repository\org\codehaus\groovy\groovy-json\3.0.6\groovy-json-3.0.6.jar;C:\Users\SRINIVAS R\.m2\repository\io\rest-assured\rest-assured-common\4.3.2\rest-assured-common-4.3.2.jar;C:\Users\SRINIVAS R\.m2\repository\io\rest-assured\xml-path\4.3.2\xml-path-4.3.2.jar;C:\Users\SRINIVAS R\.m2\repository\jakarta\xml\bind\jakarta.xml.bind-api\2.3.3\jakarta.xml.bind-api-2.3.3.jar;C:\Users\SRINIVAS R\.m2\repository\jakarta\activation\jakarta.activation-api\1.2.2\jakarta.activation-api-1.2.2.jar;C:\Users\SRINIVAS R\.m2\repository\com\sun\xml\bind\jaxb-impl\2.3.3\jaxb-impl-2.3.3.jar;C:\Users\SRINIVAS R\.m2\repository\io\appium\java-client\7.4.1\java-client-7.4.1.jar;C:\Users\SRINIVAS R\.m2\repository\cglib\cglib\3.3.0\cglib-3.3.0.jar;C:\Users\SRINIVAS R\.m2\repository\org\ow2\asm\asm\7.1\asm-7.1.jar;C:\Users\SRINIVAS R\.m2\repository\commons-validator\commons-validator\1.7\commons-validator-1.7.jar;C:\Users\SRINIVAS R\.m2\repository\commons-beanutils\commons-beanutils\1.9.4\commons-beanutils-1.9.4.jar;C:\Users\SRINIVAS R\.m2\repository\commons-digester\commons-digester\2.1\commons-digester-2.1.jar;C:\Users\SRINIVAS R\.m2\repository\commons-collections\commons-collections\3.2.2\commons-collections-3.2.2.jar;C:\Users\SRINIVAS R\.m2\repository\org\apache\commons\commons-lang3\3.11\commons-lang3-3.11.jar;C:\Users\SRINIVAS R\.m2\repository\commons-io\commons-io\2.8.0\commons-io-2.8.0.jar;C:\Users\SRINIVAS R\.m2\repository\org\springframework\spring-context\5.3.1\spring-context-5.3.1.jar;C:\Users\SRINIVAS R\.m2\repository\org\springframework\spring-aop\5.3.1\spring-aop-5.3.1.jar;C:\Users\SRINIVAS R\.m2\repository\org\springframework\spring-beans\5.3.1\spring-beans-5.3.1.jar;C:\Users\SRINIVAS R\.m2\repository\org\springframework\spring-core\5.3.1\spring-core-5.3.1.jar;C:\Users\SRINIVAS R\.m2\repository\org\springframework\spring-jcl\5.3.1\spring-jcl-5.3.1.jar;C:\Users\SRINIVAS R\.m2\repository\org\springframework\spring-expression\5.3.1\spring-expression-5.3.1.jar;C:\Users\SRINIVAS R\.m2\repository\org\aspectj\aspectjweaver\1.9.6\aspectjweaver-1.9.6.jar;C:\Users\SRINIVAS R\.m2\repository\org\slf4j\slf4j-api\1.7.30\slf4j-api-1.7.30.jar;C:\Users\SRINIVAS R\.m2\repository\org\testng\testng\7.3.0\testng-7.3.0.jar;C:\Users\SRINIVAS R\.m2\repository\com\beust\jcommander\1.78\jcommander-1.78.jar;C:\Users\SRINIVAS R\.m2\repository\org\apache\ant\ant\1.10.3\ant-1.10.3.jar;C:\Users\SRINIVAS R\.m2\repository\org\apache\ant\ant-launcher\1.10.3\ant-launcher-1.10.3.jar;C:\Users\SRINIVAS R\.m2\repository\junit\junit\4.12\junit-4.12.jar;C:\Users\SRINIVAS R\.m2\repository\org\hamcrest\hamcrest-core\1.3\hamcrest-core-1.3.jar;C:\Users\SRINIVAS R\.m2\repository\com\google\inject\guice\4.2.2\guice-4.2.2-no_aop.jar;C:\Users\SRINIVAS R\.m2\repository\javax\inject\javax.inject\1\javax.inject-1.jar;C:\Users\SRINIVAS R\.m2\repository\aopalliance\aopalliance\1.0\aopalliance-1.0.jar;C:\Users\SRINIVAS R\.m2\repository\org\yaml\snakeyaml\1.21\snakeyaml-1.21.jar;"/>
    <property name="java.vm.vendor" value="Oracle Corporation"/>
    <property name="sun.arch.data.model" value="64"/>
    <property name="user.variant" value=""/>
    <property name="java.vendor.url" value="https://java.oracle.com/"/>
    <property name="user.timezone" value="Asia/Calcutta"/>
    <property name="os.name" value="Windows 10"/>
    <property name="java.vm.specification.version" value="15"/>
    <property name="sun.java.launcher" value="SUN_STANDARD"/>
    <property name="user.country" value="IN"/>
    <property name="sun.boot.library.path" value="C:\Program Files\Java\jdk-15.0.1\bin"/>
    <property name="sun.java.command" value="C:\Users\SRINIVAS R\AppData\Local\Temp\surefire4020909669032376846\surefirebooter6980348084528495296.jar C:\Users\SRINIVAS R\AppData\Local\Temp\surefire4020909669032376846 2020-12-11T12-12-11_645-jvmRun1 surefire6572790618623816153tmp surefire_01557141389342264301tmp"/>
    <property name="jdk.debug" value="release"/>
    <property name="test" value="AppiumTest"/>
    <property name="surefire.test.class.path" value="P:\maven_project\mavenjava\target\test-classes;P:\maven_project\mavenjava\target\classes;C:\Users\SRINIVAS R\.m2\repository\org\seleniumhq\selenium\selenium-java\3.9.1\selenium-java-3.9.1.jar;C:\Users\SRINIVAS R\.m2\repository\org\seleniumhq\selenium\selenium-api\3.9.1\selenium-api-3.9.1.jar;C:\Users\SRINIVAS R\.m2\repository\org\seleniumhq\selenium\selenium-chrome-driver\3.9.1\selenium-chrome-driver-3.9.1.jar;C:\Users\SRINIVAS R\.m2\repository\org\seleniumhq\selenium\selenium-edge-driver\3.9.1\selenium-edge-driver-3.9.1.jar;C:\Users\SRINIVAS R\.m2\repository\org\seleniumhq\selenium\selenium-firefox-driver\3.9.1\selenium-firefox-driver-3.9.1.jar;C:\Users\SRINIVAS R\.m2\repository\org\seleniumhq\selenium\selenium-ie-driver\3.9.1\selenium-ie-driver-3.9.1.jar;C:\Users\SRINIVAS R\.m2\repository\org\seleniumhq\selenium\selenium-opera-driver\3.9.1\selenium-opera-driver-3.9.1.jar;C:\Users\SRINIVAS R\.m2\repository\org\seleniumhq\selenium\selenium-remote-driver\3.9.1\selenium-remote-driver-3.9.1.jar;C:\Users\SRINIVAS R\.m2\repository\org\seleniumhq\selenium\selenium-safari-driver\3.9.1\selenium-safari-driver-3.9.1.jar;C:\Users\SRINIVAS R\.m2\repository\org\seleniumhq\selenium\selenium-support\3.9.1\selenium-support-3.9.1.jar;C:\Users\SRINIVAS R\.m2\repository\net\bytebuddy\byte-buddy\1.7.9\byte-buddy-1.7.9.jar;C:\Users\SRINIVAS R\.m2\repository\org\apache\commons\commons-exec\1.3\commons-exec-1.3.jar;C:\Users\SRINIVAS R\.m2\repository\commons-codec\commons-codec\1.10\commons-codec-1.10.jar;C:\Users\SRINIVAS R\.m2\repository\commons-logging\commons-logging\1.2\commons-logging-1.2.jar;C:\Users\SRINIVAS R\.m2\repository\com\google\code\gson\gson\2.8.2\gson-2.8.2.jar;C:\Users\SRINIVAS R\.m2\repository\com\google\guava\guava\23.6-jre\guava-23.6-jre.jar;C:\Users\SRINIVAS R\.m2\repository\com\google\code\findbugs\jsr305\1.3.9\jsr305-1.3.9.jar;C:\Users\SRINIVAS R\.m2\repository\org\checkerframework\checker-compat-qual\2.0.0\checker-compat-qual-2.0.0.jar;C:\Users\SRINIVAS R\.m2\repository\com\google\errorprone\error_prone_annotations\2.1.3\error_prone_annotations-2.1.3.jar;C:\Users\SRINIVAS R\.m2\repository\com\google\j2objc\j2objc-annotations\1.1\j2objc-annotations-1.1.jar;C:\Users\SRINIVAS R\.m2\repository\org\codehaus\mojo\animal-sniffer-annotations\1.14\animal-sniffer-annotations-1.14.jar;C:\Users\SRINIVAS R\.m2\repository\org\apache\httpcomponents\httpclient\4.5.3\httpclient-4.5.3.jar;C:\Users\SRINIVAS R\.m2\repository\org\apache\httpcomponents\httpcore\4.4.6\httpcore-4.4.6.jar;C:\Users\SRINIVAS R\.m2\repository\com\squareup\okhttp3\okhttp\3.9.1\okhttp-3.9.1.jar;C:\Users\SRINIVAS R\.m2\repository\com\squareup\okio\okio\1.13.0\okio-1.13.0.jar;C:\Users\SRINIVAS R\.m2\repository\io\rest-assured\rest-assured\4.3.2\rest-assured-4.3.2.jar;C:\Users\SRINIVAS R\.m2\repository\org\codehaus\groovy\groovy\3.0.6\groovy-3.0.6.jar;C:\Users\SRINIVAS R\.m2\repository\org\codehaus\groovy\groovy-xml\3.0.6\groovy-xml-3.0.6.jar;C:\Users\SRINIVAS R\.m2\repository\org\apache\httpcomponents\httpmime\4.5.3\httpmime-4.5.3.jar;C:\Users\SRINIVAS R\.m2\repository\org\hamcrest\hamcrest\2.1\hamcrest-2.1.jar;C:\Users\SRINIVAS R\.m2\repository\org\ccil\cowan\tagsoup\tagsoup\1.2.1\tagsoup-1.2.1.jar;C:\Users\SRINIVAS R\.m2\repository\io\rest-assured\json-path\4.3.2\json-path-4.3.2.jar;C:\Users\SRINIVAS R\.m2\repository\org\codehaus\groovy\groovy-json\3.0.6\groovy-json-3.0.6.jar;C:\Users\SRINIVAS R\.m2\repository\io\rest-assured\rest-assured-common\4.3.2\rest-assured-common-4.3.2.jar;C:\Users\SRINIVAS R\.m2\repository\io\rest-assured\xml-path\4.3.2\xml-path-4.3.2.jar;C:\Users\SRINIVAS R\.m2\repository\jakarta\xml\bind\jakarta.xml.bind-api\2.3.3\jakarta.xml.bind-api-2.3.3.jar;C:\Users\SRINIVAS R\.m2\repository\jakarta\activation\jakarta.activation-api\1.2.2\jakarta.activation-api-1.2.2.jar;C:\Users\SRINIVAS R\.m2\repository\com\sun\xml\bind\jaxb-impl\2.3.3\jaxb-impl-2.3.3.jar;C:\Users\SRINIVAS R\.m2\repository\io\appium\java-client\7.4.1\java-client-7.4.1.jar;C:\Users\SRINIVAS R\.m2\repository\cglib\cglib\3.3.0\cglib-3.3.0.jar;C:\Users\SRINIVAS R\.m2\repository\org\ow2\asm\asm\7.1\asm-7.1.jar;C:\Users\SRINIVAS R\.m2\repository\commons-validator\commons-validator\1.7\commons-validator-1.7.jar;C:\Users\SRINIVAS R\.m2\repository\commons-beanutils\commons-beanutils\1.9.4\commons-beanutils-1.9.4.jar;C:\Users\SRINIVAS R\.m2\repository\commons-digester\commons-digester\2.1\commons-digester-2.1.jar;C:\Users\SRINIVAS R\.m2\repository\commons-collections\commons-collections\3.2.2\commons-collections-3.2.2.jar;C:\Users\SRINIVAS R\.m2\repository\org\apache\commons\commons-lang3\3.11\commons-lang3-3.11.jar;C:\Users\SRINIVAS R\.m2\repository\commons-io\commons-io\2.8.0\commons-io-2.8.0.jar;C:\Users\SRINIVAS R\.m2\repository\org\springframework\spring-context\5.3.1\spring-context-5.3.1.jar;C:\Users\SRINIVAS R\.m2\repository\org\springframework\spring-aop\5.3.1\spring-aop-5.3.1.jar;C:\Users\SRINIVAS R\.m2\repository\org\springframework\spring-beans\5.3.1\spring-beans-5.3.1.jar;C:\Users\SRINIVAS R\.m2\repository\org\springframework\spring-core\5.3.1\spring-core-5.3.1.jar;C:\Users\SRINIVAS R\.m2\repository\org\springframework\spring-jcl\5.3.1\spring-jcl-5.3.1.jar;C:\Users\SRINIVAS R\.m2\repository\org\springframework\spring-expression\5.3.1\spring-expression-5.3.1.jar;C:\Users\SRINIVAS R\.m2\repository\org\aspectj\aspectjweaver\1.9.6\aspectjweaver-1.9.6.jar;C:\Users\SRINIVAS R\.m2\repository\org\slf4j\slf4j-api\1.7.30\slf4j-api-1.7.30.jar;C:\Users\SRINIVAS R\.m2\repository\org\testng\testng\7.3.0\testng-7.3.0.jar;C:\Users\SRINIVAS R\.m2\repository\com\beust\jcommander\1.78\jcommander-1.78.jar;C:\Users\SRINIVAS R\.m2\repository\org\apache\ant\ant\1.10.3\ant-1.10.3.jar;C:\Users\SRINIVAS R\.m2\repository\org\apache\ant\ant-launcher\1.10.3\ant-launcher-1.10.3.jar;C:\Users\SRINIVAS R\.m2\repository\junit\junit\4.12\junit-4.12.jar;C:\Users\SRINIVAS R\.m2\repository\org\hamcrest\hamcrest-core\1.3\hamcrest-core-1.3.jar;C:\Users\SRINIVAS R\.m2\repository\com\google\inject\guice\4.2.2\guice-4.2.2-no_aop.jar;C:\Users\SRINIVAS R\.m2\repository\javax\inject\javax.inject\1\javax.inject-1.jar;C:\Users\SRINIVAS R\.m2\repository\aopalliance\aopalliance\1.0\aopalliance-1.0.jar;C:\Users\SRINIVAS R\.m2\repository\org\yaml\snakeyaml\1.21\snakeyaml-1.21.jar;"/>
    <property name="sun.cpu.endian" value="little"/>
    <property name="user.home" value="C:\Users\SRINIVAS R"/>
    <property name="user.language" value="en"/>
    <property name="java.specification.vendor" value="Oracle Corporation"/>
    <property name="java.version.date" value="2020-10-20"/>
    <property name="java.home" value="C:\Program Files\Java\jdk-15.0.1"/>
    <property name="file.separator" value="\"/>
    <property name="basedir" value="P:\maven_project\mavenjava"/>
    <property name="java.vm.compressedOopsMode" value="32-bit"/>
    <property name="line.separator" value="&#10;"/>
    <property name="java.vm.specification.vendor" value="Oracle Corporation"/>
    <property name="java.specification.name" value="Java Platform API Specification"/>
    <property name="surefire.real.class.path" value="C:\Users\SRINIVAS R\AppData\Local\Temp\surefire4020909669032376846\surefirebooter6980348084528495296.jar"/>
    <property name="user.script" value=""/>
    <property name="sun.management.compiler" value="HotSpot 64-Bit Tiered Compilers"/>
    <property name="java.runtime.version" value="15.0.1+9-18"/>
    <property name="user.name" value="SRINIVAS R"/>
    <property name="path.separator" value=";"/>
    <property name="os.version" value="10.0"/>
    <property name="java.runtime.name" value="Java(TM) SE Runtime Environment"/>
    <property name="file.encoding" value="Cp1252"/>
    <property name="java.vm.name" value="Java HotSpot(TM) 64-Bit Server VM"/>
    <property name="localRepository" value="C:\Users\SRINIVAS R\.m2\repository"/>
    <property name="java.vendor.url.bug" value="https://bugreport.java.com/bugreport/"/>
    <property name="java.io.tmpdir" value="C:\Users\SRINIV~1\AppData\Local\Temp\"/>
    <property name="java.version" value="15.0.1"/>
    <property name="user.dir" value="P:\maven_project\mavenjava"/>
    <property name="os.arch" value="amd64"/>
    <property name="java.vm.specification.name" value="Java Virtual Machine Specification"/>
    <property name="sun.os.patch.level" value=""/>
    <property name="java.library.path" value="C:\Program Files\Java\jdk-15.0.1\bin;C:\WINDOWS\Sun\Java\bin;C:\WINDOWS\system32;C:\WINDOWS;C:\Program Files\Common Files\Oracle\Java\javapath;C:\WINDOWS\system32;C:\WINDOWS;C:\WINDOWS\System32\Wbem;C:\WINDOWS\System32\WindowsPowerShell\v1.0\;C:\WINDOWS\System32\OpenSSH\;C:\Program Files\dotnet\;C:\Program Files (x86)\dotnet\;C:\Program Files\nodejs\;C:\Program Files\Java\jdk-15.0.1\bin;bin\com.pantech.myModule;P:\maven\apache-maven-3.6.3-bin\apache-maven-3.6.3\bin;C:\Users\SRINIVAS R\AppData\Local\Microsoft\WindowsApps;C:\Users\SRINIVAS R\AppData\Roaming\npm;."/>
    <property name="java.vm.info" value="mixed mode, sharing"/>
    <property name="java.vendor" value="Oracle Corporation"/>
    <property name="java.vm.version" value="15.0.1+9-18"/>
    <property name="sun.io.unicode.encoding" value="UnicodeLittle"/>
    <property name="java.class.version" value="59.0"/>
  </properties>
  <testcase name="iosapps" classname="qaclickacademy.AppiumTest" time="0.004">
    <system-out><![CDATA[iosapps
]]></system-out>
  </testcase>
  <testcase name="nativeandroid" classname="qaclickacademy.AppiumTest" time="0.001">
    <system-out><![CDATA[Nativeandriod
]]></system-out>
  </testcase>
</testsuite>