<?xml version="1.0" encoding="UTF-8"?>
<!-- Generated by org.testng.reporters.JUnitReportReporter -->
<testsuite hostname="LAPTOP-QVFIBK1D" failures="0" tests="2" name="qaclickacademy.AppiumTest" time="0.004" errors="0" timestamp="2020-12-11T12:26:27 IST" skipped="0">
  <testcase classname="qaclickacademy.AppiumTest" name="nativeandroid" time="0.000"/>
  <system-out/>
  <testcase classname="qaclickacademy.AppiumTest" name="iosapps" time="0.004"/>
  <system-out/>
</testsuite> <!-- qaclickacademy.AppiumTest -->
